<?xml version="1.0" encoding="UTF-8"?>
<testng-results ignored="0" total="1" passed="1" failed="0" skipped="0">
  <reporter-output>
    <line>
      <![CDATA[Database is connection]]>
    </line>
    <line>
      <![CDATA[Browser launched]]>
    </line>
    <line>
      <![CDATA[Logged in Successfully]]>
    </line>
    <line>
      <![CDATA[Logged out successfully]]>
    </line>
    <line>
      <![CDATA[Browser is closed]]>
    </line>
    <line>
      <![CDATA[Databse Disconnected]]>
    </line>
  </reporter-output>
  <suite started-at="2023-06-05T10:55:04 IST" name="Default suite" finished-at="2023-06-05T10:55:33 IST" duration-ms="29597">
    <groups>
    </groups>
    <test started-at="2023-06-05T10:55:04 IST" name="Default test" finished-at="2023-06-05T10:55:33 IST" duration-ms="29597">
      <class name="com.Actitime.Testscripts.CreateCustomer">
        <test-method is-config="true" signature="databaseCennection()[pri:0, instance:com.Actitime.Testscripts.CreateCustomer@1a18644]" started-at="2023-06-05T10:55:04 IST" name="databaseCennection" finished-at="2023-06-05T10:55:04 IST" duration-ms="7" status="PASS">
          <reporter-output>
            <line>
              <![CDATA[Database is connection]]>
            </line>
          </reporter-output>
        </test-method> <!-- databaseCennection -->
        <test-method is-config="true" signature="launchBowser()[pri:0, instance:com.Actitime.Testscripts.CreateCustomer@1a18644]" started-at="2023-06-05T10:55:04 IST" name="launchBowser" finished-at="2023-06-05T10:55:16 IST" duration-ms="12517" status="PASS">
          <reporter-output>
            <line>
              <![CDATA[Browser launched]]>
            </line>
          </reporter-output>
        </test-method> <!-- launchBowser -->
        <test-method is-config="true" signature="login()[pri:0, instance:com.Actitime.Testscripts.CreateCustomer@1a18644]" started-at="2023-06-05T10:55:16 IST" name="login" finished-at="2023-06-05T10:55:16 IST" duration-ms="237" status="PASS">
          <reporter-output>
            <line>
              <![CDATA[Logged in Successfully]]>
            </line>
          </reporter-output>
        </test-method> <!-- login -->
        <test-method signature="createCustomer()[pri:0, instance:com.Actitime.Testscripts.CreateCustomer@1a18644]" started-at="2023-06-05T10:55:16 IST" name="createCustomer" finished-at="2023-06-05T10:55:30 IST" duration-ms="13605" status="PASS">
          <reporter-output>
          </reporter-output>
        </test-method> <!-- createCustomer -->
        <test-method is-config="true" signature="logout()[pri:0, instance:com.Actitime.Testscripts.CreateCustomer@1a18644]" started-at="2023-06-05T10:55:30 IST" name="logout" finished-at="2023-06-05T10:55:33 IST" duration-ms="3098" status="PASS">
          <reporter-output>
            <line>
              <![CDATA[Logged out successfully]]>
            </line>
          </reporter-output>
        </test-method> <!-- logout -->
        <test-method is-config="true" signature="closeBrowser()[pri:0, instance:com.Actitime.Testscripts.CreateCustomer@1a18644]" started-at="2023-06-05T10:55:33 IST" name="closeBrowser" finished-at="2023-06-05T10:55:33 IST" duration-ms="111" status="PASS">
          <reporter-output>
            <line>
              <![CDATA[Browser is closed]]>
            </line>
          </reporter-output>
        </test-method> <!-- closeBrowser -->
        <test-method is-config="true" signature="closeDatabaseConnection()[pri:0, instance:com.Actitime.Testscripts.CreateCustomer@1a18644]" started-at="2023-06-05T10:55:33 IST" name="closeDatabaseConnection" finished-at="2023-06-05T10:55:33 IST" duration-ms="0" status="PASS">
          <reporter-output>
            <line>
              <![CDATA[Databse Disconnected]]>
            </line>
          </reporter-output>
        </test-method> <!-- closeDatabaseConnection -->
      </class> <!-- com.Actitime.Testscripts.CreateCustomer -->
    </test> <!-- Default test -->
  </suite> <!-- Default suite -->
</testng-results>
